TN:
SF:/home/max/Dokumente/Web Prgcts/UltimateGymWue/UGWBackend/push-service/src/main.ts
FN:6,main
FN:11,cronCallback
FNF:2
FNH:1
FNDA:1,main
FNDA:0,cronCallback
DA:1,1
DA:2,1
DA:4,1
DA:6,1
DA:7,1
DA:8,1
DA:11,1
DA:12,0
DA:25,1
DA:26,1
LF:10
LH:9
BRDA:25,0,0,1
BRDA:25,0,1,0
BRF:2
BRH:1
end_of_record
TN:
SF:/home/max/Dokumente/Web Prgcts/UltimateGymWue/UGWBackend/push-service/src/util.ts
FN:1,isJestTest
FNF:1
FNH:1
FNDA:5,isJestTest
DA:1,2
DA:2,5
DA:3,10
DA:4,10
DA:5,10
DA:6,2
DA:9,3
LF:7
LH:7
BRDA:5,0,0,2
BRDA:5,0,1,8
BRF:2
BRH:2
end_of_record
